#
# A fatal error has been detected by the Java Runtime Environment:
#
#  SIGSEGV (0xb) at pc=0x0000000000000000, pid=3233, tid=0x000000000000f407
#
# JRE version: Java(TM) SE Runtime Environment (8.0_144-b01) (build 1.8.0_144-b01)
# Java VM: Java HotSpot(TM) 64-Bit Server VM (25.144-b01 mixed mode bsd-amd64 compressed oops)
# Problematic frame:
# C  0x0000000000000000
#
# Failed to write core dump. Core dumps have been disabled. To enable core dumping, try "ulimit -c unlimited" before starting Java again
#
# If you would like to submit a bug report, please visit:
#   http://bugreport.java.com/bugreport/crash.jsp
#

---------------  T H R E A D  ---------------

Current thread is native thread

siginfo: si_signo: 11 (SIGSEGV), si_code: 1 (SEGV_MAPERR), si_addr: 0x0000000000000000

Registers:
RAX=0x00000001263c0508, RBX=0x00000000000161b0, RCX=0x0000000000000010, RDX=0xfffffffffffffff0
RSP=0x0000700005cad9f8, RBP=0x0000700005cadaa0, RSI=0x0000000000000000, RDI=0x00007fe27317b600
R8 =0x0000000000000200, R9 =0x00007fe2738dd0a0, R10=0x00007fe2742c0c30, R11=0x0000000000000050
R12=0x00007fe2738dd0a0, R13=0x00007fe27317b600, R14=0x00007fe2738dd050, R15=0x0000000000000800
RIP=0x0000000000000000, EFLAGS=0x0000000000010246, ERR=0x0000000000000014
  TRAPNO=0x000000000000000e

Top of Stack: (sp=0x0000700005cad9f8)
0x0000700005cad9f8:   0000000126392639 0000000000000000
0x0000700005cada08:   0000000000000000 00007fe2731837b0
0x0000700005cada18:   0000000126400000 00007fe2731817b0
0x0000700005cada28:   